<?xml version="1.0" encoding="UTF-8"?>
<!-- Generated by org.testng.reporters.JUnitXMLReporter -->
<testsuite ignored="0" hostname="LAPTOP-0QATUJUE" failures="0" tests="4" name="FunctionalityTest" time="149.386" errors="0" timestamp="2020-04-13T20:22:09 EDT">
  <testcase classname="TestScripts.HotelSearchTest" name="testCase1" time="8.075"/>
  <testcase classname="TestScripts.HotelSearchTest" name="testCase2" time="61.549"/>
  <testcase classname="TestScripts.HotelSearchTest" name="testCase3" time="14.995"/>
  <testcase classname="TestScripts.HotelSearchTest" name="testCase4" time="10.463"/>
</testsuite> <!-- FunctionalityTest -->
