<?xml version="1.0" encoding="UTF-8"?>
<!-- Generated by org.testng.reporters.JUnitXMLReporter -->
<testsuite ignored="0" hostname="LAPTOP-0QATUJUE" failures="0" tests="3" name="FunctionalityTest-FF" time="149.397" errors="0" timestamp="2020-04-15T18:09:18 EDT">
  <testcase classname="TestScripts.LoginFunctionalityTest" name="testCase1" time="27.389"/>
  <testcase classname="TestScripts.SearchProductsTest" name="searchProducts" time="16.56"/>
  <testcase classname="TestScripts.SearchProductsWithRobotClassTest" name="searchUsingRobotClass" time="9.561"/>
</testsuite> <!-- FunctionalityTest-FF -->
