<?xml version="1.0" encoding="UTF-8"?>
<!-- Generated by org.testng.reporters.JUnitXMLReporter -->
<testsuite ignored="0" hostname="LAPTOP-0QATUJUE" failures="0" tests="3" name="FunctionalityTest-FireFox" time="170.063" errors="0" timestamp="2020-04-15T21:30:30 EDT">
  <testcase classname="TestScripts.LoginFunctionalityTest" name="testCase1" time="38.146"/>
  <testcase classname="TestScripts.SearchProductsTest" name="searchProducts" time="26.759"/>
  <testcase classname="TestScripts.SearchProductsWithRobotClassTest" name="searchUsingRobotClass" time="14.713"/>
</testsuite> <!-- FunctionalityTest-FireFox -->
