<?xml version="1.0" encoding="UTF-8"?>
<!-- Generated by org.testng.reporters.JUnitXMLReporter -->
<testsuite ignored="0" hostname="LAPTOP-0QATUJUE" failures="0" tests="3" name="FunctionalityTest-Chrome" time="130.657" errors="0" timestamp="2020-04-15T21:27:40 EDT">
  <testcase classname="TestScripts.LoginFunctionalityTest" name="testCase1" time="38.867"/>
  <testcase classname="TestScripts.SearchProductsTest" name="searchProducts" time="24.901"/>
  <testcase classname="TestScripts.SearchProductsWithRobotClassTest" name="searchUsingRobotClass" time="14.388"/>
</testsuite> <!-- FunctionalityTest-Chrome -->
